<?xml version="1.0" encoding="UTF-8"?>
<robot generator="Robot 3.2.2 (Python 3.8.0 on linux)" generated="20201116 13:12:47.931" rpa="false">
<suite id="s1" name="Tests" source="/tests">
<suite id="s1-s1" name="Test1PUT" source="/tests/Test1PUT.robot">
<test id="s1-s1-t1" name="TestPost200">
<kw name="Create Session" library="RequestsLibrary">
<doc>Create Session: create a HTTP session to a server</doc>
<arguments>
<arg>localhost</arg>
<arg>http://localhost:8080</arg>
</arguments>
<msg timestamp="20201116 13:12:48.005" level="INFO">Creating Session using : alias=localhost, url=http://localhost:8080, headers={},                     cookies={}, auth=None, timeout=None, proxies=None, verify=False,                     debug=0 </msg>
<status status="PASS" starttime="20201116 13:12:48.005" endtime="20201116 13:12:48.005"></status>
</kw>
<kw name="Create Dictionary" library="BuiltIn">
<doc>Creates and returns a dictionary based on the given ``items``.</doc>
<arguments>
<arg>Content-Type=application/json</arg>
</arguments>
<assign>
<var>${headers}</var>
</assign>
<msg timestamp="20201116 13:12:48.006" level="INFO">${headers} = {'Content-Type': 'application/json'}</msg>
<status status="PASS" starttime="20201116 13:12:48.005" endtime="20201116 13:12:48.006"></status>
</kw>
<kw name="Create List" library="BuiltIn">
<doc>Returns a list containing given items.</doc>
<arguments>
<arg>a2</arg>
<arg>test</arg>
</arguments>
<assign>
<var>${list}</var>
</assign>
<msg timestamp="20201116 13:12:48.006" level="INFO">${list} = ['a2', 'test']</msg>
<status status="PASS" starttime="20201116 13:12:48.006" endtime="20201116 13:12:48.006"></status>
</kw>
<kw name="Create Dictionary" library="BuiltIn">
<doc>Creates and returns a dictionary based on the given ``items``.</doc>
<arguments>
<arg>title=Emma Stone</arg>
<arg>author=Jake Peralta</arg>
<arg>content=some content</arg>
<arg>tags=${list}</arg>
</arguments>
<assign>
<var>${params}</var>
</assign>
<msg timestamp="20201116 13:12:48.006" level="INFO">${params} = {'title': 'Emma Stone', 'author': 'Jake Peralta', 'content': 'some content', 'tags': ['a2', 'test']}</msg>
<status status="PASS" starttime="20201116 13:12:48.006" endtime="20201116 13:12:48.006"></status>
</kw>
<kw name="Put Request" library="RequestsLibrary">
<doc>Send a PUT request on the session object found using the
given `alias`</doc>
<arguments>
<arg>localhost</arg>
<arg>/api/v1/post</arg>
<arg>data=${params}</arg>
<arg>headers=${headers}</arg>
</arguments>
<assign>
<var>${resp}</var>
</assign>
<msg timestamp="20201116 13:13:04.997" level="INFO">PUT Request : url=http://localhost:8080/api/v1/post 
 path_url=/api/v1/post 
 headers={'User-Agent': 'python-requests/2.25.0', 'Accept-Encoding': 'gzip, deflate', 'Accept': '*/*', 'Connection': 'keep-alive', 'Content-Type': 'application/json', 'Content-Length': '100'} 
 body={"title": "Emma Stone", "author": "Jake Peralta", "content": "some content", "tags": ["a2", "test"]} 
 </msg>
<msg timestamp="20201116 13:13:04.997" level="INFO">PUT Response : url=http://localhost:8080/api/v1/post 
 status=200, reason=OK 
 body={"_id":"5fb27adb8421fb4194e9f661"} 
 </msg>
<msg timestamp="20201116 13:13:04.997" level="INFO">${resp} = &lt;Response [200]&gt;</msg>
<status status="PASS" starttime="20201116 13:12:48.007" endtime="20201116 13:13:04.997"></status>
</kw>
<kw name="Should Be Equal As Strings" library="BuiltIn">
<doc>Fails if objects are unequal after converting them to strings.</doc>
<arguments>
<arg>${resp.status_code}</arg>
<arg>200</arg>
</arguments>
<msg timestamp="20201116 13:13:04.997" level="INFO">Argument types are:
&lt;class 'int'&gt;
&lt;type 'unicode'&gt;</msg>
<status status="PASS" starttime="20201116 13:13:04.997" endtime="20201116 13:13:04.998"></status>
</kw>
<kw name="Dictionary Should Contain Key" library="Collections">
<doc>Fails if ``key`` is not found from ``dictionary``.</doc>
<arguments>
<arg>${resp.json()}</arg>
<arg>_id</arg>
</arguments>
<status status="PASS" starttime="20201116 13:13:04.998" endtime="20201116 13:13:04.998"></status>
</kw>
<status status="PASS" starttime="20201116 13:12:48.005" endtime="20201116 13:13:04.998" critical="yes"></status>
</test>
<test id="s1-s1-t2" name="TestPost400">
<kw name="Create Session" library="RequestsLibrary">
<doc>Create Session: create a HTTP session to a server</doc>
<arguments>
<arg>localhost</arg>
<arg>http://localhost:8080</arg>
</arguments>
<msg timestamp="20201116 13:13:04.999" level="INFO">Creating Session using : alias=localhost, url=http://localhost:8080, headers={},                     cookies={}, auth=None, timeout=None, proxies=None, verify=False,                     debug=0 </msg>
<status status="PASS" starttime="20201116 13:13:04.999" endtime="20201116 13:13:05.000"></status>
</kw>
<kw name="Create Dictionary" library="BuiltIn">
<doc>Creates and returns a dictionary based on the given ``items``.</doc>
<arguments>
<arg>Content-Type=application/json</arg>
</arguments>
<assign>
<var>${headers}</var>
</assign>
<msg timestamp="20201116 13:13:05.001" level="INFO">${headers} = {'Content-Type': 'application/json'}</msg>
<status status="PASS" starttime="20201116 13:13:05.000" endtime="20201116 13:13:05.001"></status>
</kw>
<kw name="Create List" library="BuiltIn">
<doc>Returns a list containing given items.</doc>
<arguments>
<arg>a2</arg>
<arg>test</arg>
</arguments>
<assign>
<var>${list}</var>
</assign>
<msg timestamp="20201116 13:13:05.001" level="INFO">${list} = ['a2', 'test']</msg>
<status status="PASS" starttime="20201116 13:13:05.001" endtime="20201116 13:13:05.001"></status>
</kw>
<kw name="Create Dictionary" library="BuiltIn">
<doc>Creates and returns a dictionary based on the given ``items``.</doc>
<arguments>
<arg>title=Emma Stone</arg>
<arg>content=some content</arg>
<arg>tags=${list}</arg>
</arguments>
<assign>
<var>${params}</var>
</assign>
<msg timestamp="20201116 13:13:05.002" level="INFO">${params} = {'title': 'Emma Stone', 'content': 'some content', 'tags': ['a2', 'test']}</msg>
<status status="PASS" starttime="20201116 13:13:05.001" endtime="20201116 13:13:05.002"></status>
</kw>
<kw name="Put Request" library="RequestsLibrary">
<doc>Send a PUT request on the session object found using the
given `alias`</doc>
<arguments>
<arg>localhost</arg>
<arg>/api/v1/post</arg>
<arg>data=${params}</arg>
<arg>headers=${headers}</arg>
</arguments>
<assign>
<var>${resp}</var>
</assign>
<msg timestamp="20201116 13:13:05.005" level="INFO">PUT Request : url=http://localhost:8080/api/v1/post 
 path_url=/api/v1/post 
 headers={'User-Agent': 'python-requests/2.25.0', 'Accept-Encoding': 'gzip, deflate', 'Accept': '*/*', 'Connection': 'keep-alive', 'Content-Type': 'application/json', 'Content-Length': '74'} 
 body={"title": "Emma Stone", "content": "some content", "tags": ["a2", "test"]} 
 </msg>
<msg timestamp="20201116 13:13:05.005" level="INFO">PUT Response : url=http://localhost:8080/api/v1/post 
 status=400, reason=Bad Request 
 body=None 
 </msg>
<msg timestamp="20201116 13:13:05.005" level="INFO">${resp} = &lt;Response [400]&gt;</msg>
<status status="PASS" starttime="20201116 13:13:05.002" endtime="20201116 13:13:05.005"></status>
</kw>
<kw name="Should Be Equal As Strings" library="BuiltIn">
<doc>Fails if objects are unequal after converting them to strings.</doc>
<arguments>
<arg>${resp.status_code}</arg>
<arg>400</arg>
</arguments>
<msg timestamp="20201116 13:13:05.005" level="INFO">Argument types are:
&lt;class 'int'&gt;
&lt;type 'unicode'&gt;</msg>
<status status="PASS" starttime="20201116 13:13:05.005" endtime="20201116 13:13:05.006"></status>
</kw>
<status status="PASS" starttime="20201116 13:13:04.998" endtime="20201116 13:13:05.006" critical="yes"></status>
</test>
<status status="PASS" starttime="20201116 13:12:47.949" endtime="20201116 13:13:05.006"></status>
</suite>
<suite id="s1-s2" name="Test2GET" source="/tests/Test2GET.robot">
<test id="s1-s2-t1" name="TestPost200Title">
<kw name="Create Session" library="RequestsLibrary">
<doc>Create Session: create a HTTP session to a server</doc>
<arguments>
<arg>localhost</arg>
<arg>http://localhost:8080</arg>
</arguments>
<msg timestamp="20201116 13:13:05.012" level="INFO">Creating Session using : alias=localhost, url=http://localhost:8080, headers={},                     cookies={}, auth=None, timeout=None, proxies=None, verify=False,                     debug=0 </msg>
<status status="PASS" starttime="20201116 13:13:05.012" endtime="20201116 13:13:05.012"></status>
</kw>
<kw name="Create Dictionary" library="BuiltIn">
<doc>Creates and returns a dictionary based on the given ``items``.</doc>
<arguments>
<arg>Content-Type=application/json</arg>
</arguments>
<assign>
<var>${headers}</var>
</assign>
<msg timestamp="20201116 13:13:05.013" level="INFO">${headers} = {'Content-Type': 'application/json'}</msg>
<status status="PASS" starttime="20201116 13:13:05.012" endtime="20201116 13:13:05.013"></status>
</kw>
<kw name="Create Dictionary" library="BuiltIn">
<doc>Creates and returns a dictionary based on the given ``items``.</doc>
<arguments>
<arg>title=Emma Stone</arg>
</arguments>
<assign>
<var>${params}</var>
</assign>
<msg timestamp="20201116 13:13:05.013" level="INFO">${params} = {'title': 'Emma Stone'}</msg>
<status status="PASS" starttime="20201116 13:13:05.013" endtime="20201116 13:13:05.013"></status>
</kw>
<kw name="Get Request" library="RequestsLibrary">
<doc>Send a GET request on the session object found using the
given `alias`</doc>
<arguments>
<arg>localhost</arg>
<arg>/api/v1/post</arg>
<arg>json=${params}</arg>
<arg>headers=${headers}</arg>
</arguments>
<assign>
<var>${resp}</var>
</assign>
<msg timestamp="20201116 13:13:05.025" level="INFO">GET Request : url=http://localhost:8080/api/v1/post 
 path_url=/api/v1/post 
 headers={'User-Agent': 'python-requests/2.25.0', 'Accept-Encoding': 'gzip, deflate', 'Accept': '*/*', 'Connection': 'keep-alive', 'Content-Type': 'application/json', 'Content-Length': '23'} 
 body=b'{"title": "Emma Stone"}' 
 </msg>
<msg timestamp="20201116 13:13:05.025" level="INFO">GET Response : url=http://localhost:8080/api/v1/post 
 status=200, reason=OK 
 body=[{"_id": {"$oid": "5fb27adb8421fb4194e9f661"}, "title": "Emma Stone", "author": "Jake Peralta", "content": "some content", "tags": ["a2", "test"]}] 
 </msg>
<msg timestamp="20201116 13:13:05.025" level="INFO">${resp} = &lt;Response [200]&gt;</msg>
<status status="PASS" starttime="20201116 13:13:05.013" endtime="20201116 13:13:05.025"></status>
</kw>
<kw name="Should Be Equal As Strings" library="BuiltIn">
<doc>Fails if objects are unequal after converting them to strings.</doc>
<arguments>
<arg>${resp.status_code}</arg>
<arg>200</arg>
</arguments>
<msg timestamp="20201116 13:13:05.025" level="INFO">Argument types are:
&lt;class 'int'&gt;
&lt;type 'unicode'&gt;</msg>
<status status="PASS" starttime="20201116 13:13:05.025" endtime="20201116 13:13:05.025"></status>
</kw>
<status status="PASS" starttime="20201116 13:13:05.011" endtime="20201116 13:13:05.026" critical="yes"></status>
</test>
<test id="s1-s2-t2" name="TestPost200ID">
<kw name="Create Session" library="RequestsLibrary">
<doc>Create Session: create a HTTP session to a server</doc>
<arguments>
<arg>localhost</arg>
<arg>http://localhost:8080</arg>
</arguments>
<msg timestamp="20201116 13:13:05.026" level="INFO">Creating Session using : alias=localhost, url=http://localhost:8080, headers={},                     cookies={}, auth=None, timeout=None, proxies=None, verify=False,                     debug=0 </msg>
<status status="PASS" starttime="20201116 13:13:05.026" endtime="20201116 13:13:05.026"></status>
</kw>
<kw name="Create Dictionary" library="BuiltIn">
<doc>Creates and returns a dictionary based on the given ``items``.</doc>
<arguments>
<arg>Content-Type=application/json</arg>
</arguments>
<assign>
<var>${headers}</var>
</assign>
<msg timestamp="20201116 13:13:05.027" level="INFO">${headers} = {'Content-Type': 'application/json'}</msg>
<status status="PASS" starttime="20201116 13:13:05.027" endtime="20201116 13:13:05.027"></status>
</kw>
<kw name="Create List" library="BuiltIn">
<doc>Returns a list containing given items.</doc>
<arguments>
<arg>a2</arg>
<arg>test</arg>
</arguments>
<assign>
<var>${list}</var>
</assign>
<msg timestamp="20201116 13:13:05.027" level="INFO">${list} = ['a2', 'test']</msg>
<status status="PASS" starttime="20201116 13:13:05.027" endtime="20201116 13:13:05.027"></status>
</kw>
<kw name="Create Dictionary" library="BuiltIn">
<doc>Creates and returns a dictionary based on the given ``items``.</doc>
<arguments>
<arg>title=Emma Stone2</arg>
<arg>author=Jake Peralta</arg>
<arg>content=some content</arg>
<arg>tags=${list}</arg>
</arguments>
<assign>
<var>${params}</var>
</assign>
<msg timestamp="20201116 13:13:05.027" level="INFO">${params} = {'title': 'Emma Stone2', 'author': 'Jake Peralta', 'content': 'some content', 'tags': ['a2', 'test']}</msg>
<status status="PASS" starttime="20201116 13:13:05.027" endtime="20201116 13:13:05.028"></status>
</kw>
<kw name="Put Request" library="RequestsLibrary">
<doc>Send a PUT request on the session object found using the
given `alias`</doc>
<arguments>
<arg>localhost</arg>
<arg>/api/v1/post</arg>
<arg>data=${params}</arg>
<arg>headers=${headers}</arg>
</arguments>
<assign>
<var>${resp}</var>
</assign>
<msg timestamp="20201116 13:13:05.031" level="INFO">PUT Request : url=http://localhost:8080/api/v1/post 
 path_url=/api/v1/post 
 headers={'User-Agent': 'python-requests/2.25.0', 'Accept-Encoding': 'gzip, deflate', 'Accept': '*/*', 'Connection': 'keep-alive', 'Content-Type': 'application/json', 'Content-Length': '101'} 
 body={"title": "Emma Stone2", "author": "Jake Peralta", "content": "some content", "tags": ["a2", "test"]} 
 </msg>
<msg timestamp="20201116 13:13:05.031" level="INFO">PUT Response : url=http://localhost:8080/api/v1/post 
 status=200, reason=OK 
 body={"_id":"5fb27ae18421fb4194e9f662"} 
 </msg>
<msg timestamp="20201116 13:13:05.032" level="INFO">${resp} = &lt;Response [200]&gt;</msg>
<status status="PASS" starttime="20201116 13:13:05.028" endtime="20201116 13:13:05.032"></status>
</kw>
<kw name="To Json" library="RequestsLibrary">
<doc>Convert a string to a JSON object</doc>
<arguments>
<arg>${resp.content}</arg>
</arguments>
<assign>
<var>${jsondata}</var>
</assign>
<msg timestamp="20201116 13:13:05.032" level="INFO">To JSON using : content={"_id":"5fb27ae18421fb4194e9f662"} </msg>
<msg timestamp="20201116 13:13:05.032" level="INFO">To JSON using : pretty_print=False </msg>
<msg timestamp="20201116 13:13:05.032" level="INFO">${jsondata} = {'_id': '5fb27ae18421fb4194e9f662'}</msg>
<status status="PASS" starttime="20201116 13:13:05.032" endtime="20201116 13:13:05.032"></status>
</kw>
<kw name="Create Dictionary" library="BuiltIn">
<doc>Creates and returns a dictionary based on the given ``items``.</doc>
<arguments>
<arg>_id=${jsondata['_id']}</arg>
</arguments>
<assign>
<var>${params}</var>
</assign>
<msg timestamp="20201116 13:13:05.033" level="INFO">${params} = {'_id': '5fb27ae18421fb4194e9f662'}</msg>
<status status="PASS" starttime="20201116 13:13:05.032" endtime="20201116 13:13:05.033"></status>
</kw>
<kw name="Get Request" library="RequestsLibrary">
<doc>Send a GET request on the session object found using the
given `alias`</doc>
<arguments>
<arg>localhost</arg>
<arg>/api/v1/post</arg>
<arg>json=${params}</arg>
<arg>headers=${headers}</arg>
</arguments>
<assign>
<var>${resp}</var>
</assign>
<msg timestamp="20201116 13:13:05.036" level="INFO">GET Request : url=http://localhost:8080/api/v1/post 
 path_url=/api/v1/post 
 headers={'User-Agent': 'python-requests/2.25.0', 'Accept-Encoding': 'gzip, deflate', 'Accept': '*/*', 'Connection': 'keep-alive', 'Content-Type': 'application/json', 'Content-Length': '35'} 
 body=b'{"_id": "5fb27ae18421fb4194e9f662"}' 
 </msg>
<msg timestamp="20201116 13:13:05.036" level="INFO">GET Response : url=http://localhost:8080/api/v1/post 
 status=200, reason=OK 
 body=[{"_id": {"$oid": "5fb27ae18421fb4194e9f662"}, "title": "Emma Stone2", "author": "Jake Peralta", "content": "some content", "tags": ["a2", "test"]}] 
 </msg>
<msg timestamp="20201116 13:13:05.036" level="INFO">${resp} = &lt;Response [200]&gt;</msg>
<status status="PASS" starttime="20201116 13:13:05.033" endtime="20201116 13:13:05.037"></status>
</kw>
<kw name="Should Be Equal As Strings" library="BuiltIn">
<doc>Fails if objects are unequal after converting them to strings.</doc>
<arguments>
<arg>${resp.status_code}</arg>
<arg>200</arg>
</arguments>
<msg timestamp="20201116 13:13:05.037" level="INFO">Argument types are:
&lt;class 'int'&gt;
&lt;type 'unicode'&gt;</msg>
<status status="PASS" starttime="20201116 13:13:05.037" endtime="20201116 13:13:05.037"></status>
</kw>
<status status="PASS" starttime="20201116 13:13:05.026" endtime="20201116 13:13:05.037" critical="yes"></status>
</test>
<test id="s1-s2-t3" name="TestPost404Title">
<kw name="Create Session" library="RequestsLibrary">
<doc>Create Session: create a HTTP session to a server</doc>
<arguments>
<arg>localhost</arg>
<arg>http://localhost:8080</arg>
</arguments>
<msg timestamp="20201116 13:13:05.038" level="INFO">Creating Session using : alias=localhost, url=http://localhost:8080, headers={},                     cookies={}, auth=None, timeout=None, proxies=None, verify=False,                     debug=0 </msg>
<status status="PASS" starttime="20201116 13:13:05.038" endtime="20201116 13:13:05.038"></status>
</kw>
<kw name="Create Dictionary" library="BuiltIn">
<doc>Creates and returns a dictionary based on the given ``items``.</doc>
<arguments>
<arg>Content-Type=application/json</arg>
</arguments>
<assign>
<var>${headers}</var>
</assign>
<msg timestamp="20201116 13:13:05.038" level="INFO">${headers} = {'Content-Type': 'application/json'}</msg>
<status status="PASS" starttime="20201116 13:13:05.038" endtime="20201116 13:13:05.038"></status>
</kw>
<kw name="Create Dictionary" library="BuiltIn">
<doc>Creates and returns a dictionary based on the given ``items``.</doc>
<arguments>
<arg>title=Emma Stone3</arg>
</arguments>
<assign>
<var>${params}</var>
</assign>
<msg timestamp="20201116 13:13:05.039" level="INFO">${params} = {'title': 'Emma Stone3'}</msg>
<status status="PASS" starttime="20201116 13:13:05.038" endtime="20201116 13:13:05.039"></status>
</kw>
<kw name="Get Request" library="RequestsLibrary">
<doc>Send a GET request on the session object found using the
given `alias`</doc>
<arguments>
<arg>localhost</arg>
<arg>/api/v1/post</arg>
<arg>json=${params}</arg>
<arg>headers=${headers}</arg>
</arguments>
<assign>
<var>${resp}</var>
</assign>
<msg timestamp="20201116 13:13:05.042" level="INFO">GET Request : url=http://localhost:8080/api/v1/post 
 path_url=/api/v1/post 
 headers={'User-Agent': 'python-requests/2.25.0', 'Accept-Encoding': 'gzip, deflate', 'Accept': '*/*', 'Connection': 'keep-alive', 'Content-Type': 'application/json', 'Content-Length': '24'} 
 body=b'{"title": "Emma Stone3"}' 
 </msg>
<msg timestamp="20201116 13:13:05.042" level="INFO">GET Response : url=http://localhost:8080/api/v1/post 
 status=404, reason=Not Found 
 body=None 
 </msg>
<msg timestamp="20201116 13:13:05.043" level="INFO">${resp} = &lt;Response [404]&gt;</msg>
<status status="PASS" starttime="20201116 13:13:05.039" endtime="20201116 13:13:05.043"></status>
</kw>
<kw name="Should Be Equal As Strings" library="BuiltIn">
<doc>Fails if objects are unequal after converting them to strings.</doc>
<arguments>
<arg>${resp.status_code}</arg>
<arg>404</arg>
</arguments>
<msg timestamp="20201116 13:13:05.043" level="INFO">Argument types are:
&lt;class 'int'&gt;
&lt;type 'unicode'&gt;</msg>
<status status="PASS" starttime="20201116 13:13:05.043" endtime="20201116 13:13:05.043"></status>
</kw>
<status status="PASS" starttime="20201116 13:13:05.037" endtime="20201116 13:13:05.043" critical="yes"></status>
</test>
<test id="s1-s2-t4" name="TestPost404ID">
<kw name="Create Session" library="RequestsLibrary">
<doc>Create Session: create a HTTP session to a server</doc>
<arguments>
<arg>localhost</arg>
<arg>http://localhost:8080</arg>
</arguments>
<msg timestamp="20201116 13:13:05.044" level="INFO">Creating Session using : alias=localhost, url=http://localhost:8080, headers={},                     cookies={}, auth=None, timeout=None, proxies=None, verify=False,                     debug=0 </msg>
<status status="PASS" starttime="20201116 13:13:05.044" endtime="20201116 13:13:05.044"></status>
</kw>
<kw name="Create Dictionary" library="BuiltIn">
<doc>Creates and returns a dictionary based on the given ``items``.</doc>
<arguments>
<arg>Content-Type=application/json</arg>
</arguments>
<assign>
<var>${headers}</var>
</assign>
<msg timestamp="20201116 13:13:05.045" level="INFO">${headers} = {'Content-Type': 'application/json'}</msg>
<status status="PASS" starttime="20201116 13:13:05.045" endtime="20201116 13:13:05.045"></status>
</kw>
<kw name="Create Dictionary" library="BuiltIn">
<doc>Creates and returns a dictionary based on the given ``items``.</doc>
<arguments>
<arg>_id=000000000000000000000000</arg>
</arguments>
<assign>
<var>${params}</var>
</assign>
<msg timestamp="20201116 13:13:05.045" level="INFO">${params} = {'_id': '000000000000000000000000'}</msg>
<status status="PASS" starttime="20201116 13:13:05.045" endtime="20201116 13:13:05.045"></status>
</kw>
<kw name="Get Request" library="RequestsLibrary">
<doc>Send a GET request on the session object found using the
given `alias`</doc>
<arguments>
<arg>localhost</arg>
<arg>/api/v1/post</arg>
<arg>json=${params}</arg>
<arg>headers=${headers}</arg>
</arguments>
<assign>
<var>${resp}</var>
</assign>
<msg timestamp="20201116 13:13:05.048" level="INFO">GET Request : url=http://localhost:8080/api/v1/post 
 path_url=/api/v1/post 
 headers={'User-Agent': 'python-requests/2.25.0', 'Accept-Encoding': 'gzip, deflate', 'Accept': '*/*', 'Connection': 'keep-alive', 'Content-Type': 'application/json', 'Content-Length': '35'} 
 body=b'{"_id": "000000000000000000000000"}' 
 </msg>
<msg timestamp="20201116 13:13:05.048" level="INFO">GET Response : url=http://localhost:8080/api/v1/post 
 status=404, reason=Not Found 
 body=None 
 </msg>
<msg timestamp="20201116 13:13:05.048" level="INFO">${resp} = &lt;Response [404]&gt;</msg>
<status status="PASS" starttime="20201116 13:13:05.045" endtime="20201116 13:13:05.048"></status>
</kw>
<kw name="Should Be Equal As Strings" library="BuiltIn">
<doc>Fails if objects are unequal after converting them to strings.</doc>
<arguments>
<arg>${resp.status_code}</arg>
<arg>404</arg>
</arguments>
<msg timestamp="20201116 13:13:05.048" level="INFO">Argument types are:
&lt;class 'int'&gt;
&lt;type 'unicode'&gt;</msg>
<status status="PASS" starttime="20201116 13:13:05.048" endtime="20201116 13:13:05.048"></status>
</kw>
<status status="PASS" starttime="20201116 13:13:05.044" endtime="20201116 13:13:05.049" critical="yes"></status>
</test>
<test id="s1-s2-t5" name="TestPost400">
<kw name="Create Session" library="RequestsLibrary">
<doc>Create Session: create a HTTP session to a server</doc>
<arguments>
<arg>localhost</arg>
<arg>http://localhost:8080</arg>
</arguments>
<msg timestamp="20201116 13:13:05.049" level="INFO">Creating Session using : alias=localhost, url=http://localhost:8080, headers={},                     cookies={}, auth=None, timeout=None, proxies=None, verify=False,                     debug=0 </msg>
<status status="PASS" starttime="20201116 13:13:05.049" endtime="20201116 13:13:05.049"></status>
</kw>
<kw name="Create Dictionary" library="BuiltIn">
<doc>Creates and returns a dictionary based on the given ``items``.</doc>
<arguments>
<arg>Content-Type=application/json</arg>
</arguments>
<assign>
<var>${headers}</var>
</assign>
<msg timestamp="20201116 13:13:05.050" level="INFO">${headers} = {'Content-Type': 'application/json'}</msg>
<status status="PASS" starttime="20201116 13:13:05.050" endtime="20201116 13:13:05.050"></status>
</kw>
<kw name="Create Dictionary" library="BuiltIn">
<doc>Creates and returns a dictionary based on the given ``items``.</doc>
<arguments>
<arg>i=csc301a2</arg>
</arguments>
<assign>
<var>${params}</var>
</assign>
<msg timestamp="20201116 13:13:05.050" level="INFO">${params} = {'i': 'csc301a2'}</msg>
<status status="PASS" starttime="20201116 13:13:05.050" endtime="20201116 13:13:05.050"></status>
</kw>
<kw name="Get Request" library="RequestsLibrary">
<doc>Send a GET request on the session object found using the
given `alias`</doc>
<arguments>
<arg>localhost</arg>
<arg>/api/v1/post</arg>
<arg>json=${params}</arg>
<arg>headers=${headers}</arg>
</arguments>
<assign>
<var>${resp}</var>
</assign>
<msg timestamp="20201116 13:13:05.052" level="INFO">GET Request : url=http://localhost:8080/api/v1/post 
 path_url=/api/v1/post 
 headers={'User-Agent': 'python-requests/2.25.0', 'Accept-Encoding': 'gzip, deflate', 'Accept': '*/*', 'Connection': 'keep-alive', 'Content-Type': 'application/json', 'Content-Length': '17'} 
 body=b'{"i": "csc301a2"}' 
 </msg>
<msg timestamp="20201116 13:13:05.053" level="INFO">GET Response : url=http://localhost:8080/api/v1/post 
 status=400, reason=Bad Request 
 body=None 
 </msg>
<msg timestamp="20201116 13:13:05.053" level="INFO">${resp} = &lt;Response [400]&gt;</msg>
<status status="PASS" starttime="20201116 13:13:05.050" endtime="20201116 13:13:05.053"></status>
</kw>
<kw name="Should Be Equal As Strings" library="BuiltIn">
<doc>Fails if objects are unequal after converting them to strings.</doc>
<arguments>
<arg>${resp.status_code}</arg>
<arg>400</arg>
</arguments>
<msg timestamp="20201116 13:13:05.053" level="INFO">Argument types are:
&lt;class 'int'&gt;
&lt;type 'unicode'&gt;</msg>
<status status="PASS" starttime="20201116 13:13:05.053" endtime="20201116 13:13:05.053"></status>
</kw>
<status status="PASS" starttime="20201116 13:13:05.049" endtime="20201116 13:13:05.053" critical="yes"></status>
</test>
<status status="PASS" starttime="20201116 13:13:05.008" endtime="20201116 13:13:05.054"></status>
</suite>
<suite id="s1-s3" name="Test3-405" source="/tests/Test3-405.robot">
<test id="s1-s3-t1" name="TestPost405">
<kw name="Create Session" library="RequestsLibrary">
<doc>Create Session: create a HTTP session to a server</doc>
<arguments>
<arg>localhost</arg>
<arg>http://localhost:8080</arg>
</arguments>
<msg timestamp="20201116 13:13:05.057" level="INFO">Creating Session using : alias=localhost, url=http://localhost:8080, headers={},                     cookies={}, auth=None, timeout=None, proxies=None, verify=False,                     debug=0 </msg>
<status status="PASS" starttime="20201116 13:13:05.057" endtime="20201116 13:13:05.057"></status>
</kw>
<kw name="Create Dictionary" library="BuiltIn">
<doc>Creates and returns a dictionary based on the given ``items``.</doc>
<arguments>
<arg>Content-Type=application/json</arg>
</arguments>
<assign>
<var>${headers}</var>
</assign>
<msg timestamp="20201116 13:13:05.057" level="INFO">${headers} = {'Content-Type': 'application/json'}</msg>
<status status="PASS" starttime="20201116 13:13:05.057" endtime="20201116 13:13:05.057"></status>
</kw>
<kw name="Create List" library="BuiltIn">
<doc>Returns a list containing given items.</doc>
<arguments>
<arg>a2</arg>
<arg>test</arg>
</arguments>
<assign>
<var>${list}</var>
</assign>
<msg timestamp="20201116 13:13:05.058" level="INFO">${list} = ['a2', 'test']</msg>
<status status="PASS" starttime="20201116 13:13:05.058" endtime="20201116 13:13:05.058"></status>
</kw>
<kw name="Create Dictionary" library="BuiltIn">
<doc>Creates and returns a dictionary based on the given ``items``.</doc>
<arguments>
<arg>title=Emma Stone</arg>
<arg>content=some content</arg>
<arg>tags=${list}</arg>
</arguments>
<assign>
<var>${params}</var>
</assign>
<msg timestamp="20201116 13:13:05.058" level="INFO">${params} = {'title': 'Emma Stone', 'content': 'some content', 'tags': ['a2', 'test']}</msg>
<status status="PASS" starttime="20201116 13:13:05.058" endtime="20201116 13:13:05.058"></status>
</kw>
<kw name="Post Request" library="RequestsLibrary">
<doc>Send a POST request on the session object found using the
given `alias`</doc>
<arguments>
<arg>localhost</arg>
<arg>/api/v1/post</arg>
<arg>data=${params}</arg>
<arg>headers=${headers}</arg>
</arguments>
<assign>
<var>${resp}</var>
</assign>
<msg timestamp="20201116 13:13:05.061" level="INFO">POST Request : url=http://localhost:8080/api/v1/post 
 path_url=/api/v1/post 
 headers={'User-Agent': 'python-requests/2.25.0', 'Accept-Encoding': 'gzip, deflate', 'Accept': '*/*', 'Connection': 'keep-alive', 'Content-Type': 'application/json', 'Content-Length': '74'} 
 body={"title": "Emma Stone", "content": "some content", "tags": ["a2", "test"]} 
 </msg>
<msg timestamp="20201116 13:13:05.061" level="INFO">POST Response : url=http://localhost:8080/api/v1/post 
 status=405, reason=Method Not Allowed 
 body=None 
 </msg>
<msg timestamp="20201116 13:13:05.061" level="INFO">${resp} = &lt;Response [405]&gt;</msg>
<status status="PASS" starttime="20201116 13:13:05.058" endtime="20201116 13:13:05.061"></status>
</kw>
<kw name="Should Be Equal As Strings" library="BuiltIn">
<doc>Fails if objects are unequal after converting them to strings.</doc>
<arguments>
<arg>${resp.status_code}</arg>
<arg>405</arg>
</arguments>
<msg timestamp="20201116 13:13:05.061" level="INFO">Argument types are:
&lt;class 'int'&gt;
&lt;type 'unicode'&gt;</msg>
<status status="PASS" starttime="20201116 13:13:05.061" endtime="20201116 13:13:05.061"></status>
</kw>
<status status="PASS" starttime="20201116 13:13:05.056" endtime="20201116 13:13:05.061" critical="yes"></status>
</test>
<status status="PASS" starttime="20201116 13:13:05.054" endtime="20201116 13:13:05.062"></status>
</suite>
<suite id="s1-s4" name="Test4DELETE" source="/tests/Test4DELETE.robot">
<test id="s1-s4-t1" name="TestPost200ID">
<kw name="Create Session" library="RequestsLibrary">
<doc>Create Session: create a HTTP session to a server</doc>
<arguments>
<arg>localhost</arg>
<arg>http://localhost:8080</arg>
</arguments>
<msg timestamp="20201116 13:13:05.065" level="INFO">Creating Session using : alias=localhost, url=http://localhost:8080, headers={},                     cookies={}, auth=None, timeout=None, proxies=None, verify=False,                     debug=0 </msg>
<status status="PASS" starttime="20201116 13:13:05.065" endtime="20201116 13:13:05.065"></status>
</kw>
<kw name="Create Dictionary" library="BuiltIn">
<doc>Creates and returns a dictionary based on the given ``items``.</doc>
<arguments>
<arg>Content-Type=application/json</arg>
</arguments>
<assign>
<var>${headers}</var>
</assign>
<msg timestamp="20201116 13:13:05.065" level="INFO">${headers} = {'Content-Type': 'application/json'}</msg>
<status status="PASS" starttime="20201116 13:13:05.065" endtime="20201116 13:13:05.065"></status>
</kw>
<kw name="Create List" library="BuiltIn">
<doc>Returns a list containing given items.</doc>
<arguments>
<arg>a2</arg>
<arg>test</arg>
</arguments>
<assign>
<var>${list}</var>
</assign>
<msg timestamp="20201116 13:13:05.065" level="INFO">${list} = ['a2', 'test']</msg>
<status status="PASS" starttime="20201116 13:13:05.065" endtime="20201116 13:13:05.065"></status>
</kw>
<kw name="Create Dictionary" library="BuiltIn">
<doc>Creates and returns a dictionary based on the given ``items``.</doc>
<arguments>
<arg>title=Emma Stone2</arg>
<arg>author=Jake Peralta</arg>
<arg>content=some content</arg>
<arg>tags=${list}</arg>
</arguments>
<assign>
<var>${params}</var>
</assign>
<msg timestamp="20201116 13:13:05.066" level="INFO">${params} = {'title': 'Emma Stone2', 'author': 'Jake Peralta', 'content': 'some content', 'tags': ['a2', 'test']}</msg>
<status status="PASS" starttime="20201116 13:13:05.065" endtime="20201116 13:13:05.066"></status>
</kw>
<kw name="Put Request" library="RequestsLibrary">
<doc>Send a PUT request on the session object found using the
given `alias`</doc>
<arguments>
<arg>localhost</arg>
<arg>/api/v1/post</arg>
<arg>data=${params}</arg>
<arg>headers=${headers}</arg>
</arguments>
<assign>
<var>${resp}</var>
</assign>
<msg timestamp="20201116 13:13:05.069" level="INFO">PUT Request : url=http://localhost:8080/api/v1/post 
 path_url=/api/v1/post 
 headers={'User-Agent': 'python-requests/2.25.0', 'Accept-Encoding': 'gzip, deflate', 'Accept': '*/*', 'Connection': 'keep-alive', 'Content-Type': 'application/json', 'Content-Length': '101'} 
 body={"title": "Emma Stone2", "author": "Jake Peralta", "content": "some content", "tags": ["a2", "test"]} 
 </msg>
<msg timestamp="20201116 13:13:05.069" level="INFO">PUT Response : url=http://localhost:8080/api/v1/post 
 status=400, reason=Bad Request 
 body=None 
 </msg>
<msg timestamp="20201116 13:13:05.069" level="INFO">${resp} = &lt;Response [400]&gt;</msg>
<status status="PASS" starttime="20201116 13:13:05.066" endtime="20201116 13:13:05.069"></status>
</kw>
<kw name="To Json" library="RequestsLibrary">
<doc>Convert a string to a JSON object</doc>
<arguments>
<arg>${resp.content}</arg>
</arguments>
<assign>
<var>${jsondata}</var>
</assign>
<msg timestamp="20201116 13:13:05.070" level="FAIL">JSONDecodeError: Expecting value: line 1 column 1 (char 0)</msg>
<status status="FAIL" starttime="20201116 13:13:05.069" endtime="20201116 13:13:05.070"></status>
</kw>
<status status="FAIL" starttime="20201116 13:13:05.064" endtime="20201116 13:13:05.070" critical="yes">JSONDecodeError: Expecting value: line 1 column 1 (char 0)</status>
</test>
<test id="s1-s4-t2" name="TestPost404ID">
<kw name="Create Session" library="RequestsLibrary">
<doc>Create Session: create a HTTP session to a server</doc>
<arguments>
<arg>localhost</arg>
<arg>http://localhost:8080</arg>
</arguments>
<msg timestamp="20201116 13:13:05.071" level="INFO">Creating Session using : alias=localhost, url=http://localhost:8080, headers={},                     cookies={}, auth=None, timeout=None, proxies=None, verify=False,                     debug=0 </msg>
<status status="PASS" starttime="20201116 13:13:05.071" endtime="20201116 13:13:05.071"></status>
</kw>
<kw name="Create Dictionary" library="BuiltIn">
<doc>Creates and returns a dictionary based on the given ``items``.</doc>
<arguments>
<arg>Content-Type=application/json</arg>
</arguments>
<assign>
<var>${headers}</var>
</assign>
<msg timestamp="20201116 13:13:05.071" level="INFO">${headers} = {'Content-Type': 'application/json'}</msg>
<status status="PASS" starttime="20201116 13:13:05.071" endtime="20201116 13:13:05.072"></status>
</kw>
<kw name="Create Dictionary" library="BuiltIn">
<doc>Creates and returns a dictionary based on the given ``items``.</doc>
<arguments>
<arg>_id=000000000000000000000000</arg>
</arguments>
<assign>
<var>${params}</var>
</assign>
<msg timestamp="20201116 13:13:05.072" level="INFO">${params} = {'_id': '000000000000000000000000'}</msg>
<status status="PASS" starttime="20201116 13:13:05.072" endtime="20201116 13:13:05.072"></status>
</kw>
<kw name="Delete Request" library="RequestsLibrary">
<doc>Send a DELETE request on the session object found using the
given `alias`</doc>
<arguments>
<arg>localhost</arg>
<arg>/api/v1/post</arg>
<arg>data=${params}</arg>
<arg>headers=${headers}</arg>
</arguments>
<assign>
<var>${resp}</var>
</assign>
<msg timestamp="20201116 13:13:05.076" level="INFO">DELETE Request : url=http://localhost:8080/api/v1/post 
 path_url=/api/v1/post 
 headers={'User-Agent': 'python-requests/2.25.0', 'Accept-Encoding': 'gzip, deflate', 'Accept': '*/*', 'Connection': 'keep-alive', 'Content-Type': 'application/json', 'Content-Length': '35'} 
 body={"_id": "000000000000000000000000"} 
 </msg>
<msg timestamp="20201116 13:13:05.076" level="INFO">DELETE Response : url=http://localhost:8080/api/v1/post 
 status=404, reason=Not Found 
 body=None 
 </msg>
<msg timestamp="20201116 13:13:05.076" level="INFO">${resp} = &lt;Response [404]&gt;</msg>
<status status="PASS" starttime="20201116 13:13:05.072" endtime="20201116 13:13:05.076"></status>
</kw>
<kw name="Should Be Equal As Strings" library="BuiltIn">
<doc>Fails if objects are unequal after converting them to strings.</doc>
<arguments>
<arg>${resp.status_code}</arg>
<arg>404</arg>
</arguments>
<msg timestamp="20201116 13:13:05.077" level="INFO">Argument types are:
&lt;class 'int'&gt;
&lt;type 'unicode'&gt;</msg>
<status status="PASS" starttime="20201116 13:13:05.076" endtime="20201116 13:13:05.077"></status>
</kw>
<status status="PASS" starttime="20201116 13:13:05.070" endtime="20201116 13:13:05.077" critical="yes"></status>
</test>
<test id="s1-s4-t3" name="TestPost400">
<kw name="Create Session" library="RequestsLibrary">
<doc>Create Session: create a HTTP session to a server</doc>
<arguments>
<arg>localhost</arg>
<arg>http://localhost:8080</arg>
</arguments>
<msg timestamp="20201116 13:13:05.078" level="INFO">Creating Session using : alias=localhost, url=http://localhost:8080, headers={},                     cookies={}, auth=None, timeout=None, proxies=None, verify=False,                     debug=0 </msg>
<status status="PASS" starttime="20201116 13:13:05.077" endtime="20201116 13:13:05.078"></status>
</kw>
<kw name="Create Dictionary" library="BuiltIn">
<doc>Creates and returns a dictionary based on the given ``items``.</doc>
<arguments>
<arg>Content-Type=application/json</arg>
</arguments>
<assign>
<var>${headers}</var>
</assign>
<msg timestamp="20201116 13:13:05.078" level="INFO">${headers} = {'Content-Type': 'application/json'}</msg>
<status status="PASS" starttime="20201116 13:13:05.078" endtime="20201116 13:13:05.078"></status>
</kw>
<kw name="Create Dictionary" library="BuiltIn">
<doc>Creates and returns a dictionary based on the given ``items``.</doc>
<arguments>
<arg>i=csc301a2</arg>
</arguments>
<assign>
<var>${params}</var>
</assign>
<msg timestamp="20201116 13:13:05.078" level="INFO">${params} = {'i': 'csc301a2'}</msg>
<status status="PASS" starttime="20201116 13:13:05.078" endtime="20201116 13:13:05.078"></status>
</kw>
<kw name="Delete Request" library="RequestsLibrary">
<doc>Send a DELETE request on the session object found using the
given `alias`</doc>
<arguments>
<arg>localhost</arg>
<arg>/api/v1/post</arg>
<arg>data=${params}</arg>
<arg>headers=${headers}</arg>
</arguments>
<assign>
<var>${resp}</var>
</assign>
<msg timestamp="20201116 13:13:05.080" level="INFO">DELETE Request : url=http://localhost:8080/api/v1/post 
 path_url=/api/v1/post 
 headers={'User-Agent': 'python-requests/2.25.0', 'Accept-Encoding': 'gzip, deflate', 'Accept': '*/*', 'Connection': 'keep-alive', 'Content-Type': 'application/json', 'Content-Length': '17'} 
 body={"i": "csc301a2"} 
 </msg>
<msg timestamp="20201116 13:13:05.080" level="INFO">DELETE Response : url=http://localhost:8080/api/v1/post 
 status=400, reason=Bad Request 
 body=None 
 </msg>
<msg timestamp="20201116 13:13:05.081" level="INFO">${resp} = &lt;Response [400]&gt;</msg>
<status status="PASS" starttime="20201116 13:13:05.078" endtime="20201116 13:13:05.081"></status>
</kw>
<kw name="Should Be Equal As Strings" library="BuiltIn">
<doc>Fails if objects are unequal after converting them to strings.</doc>
<arguments>
<arg>${resp.status_code}</arg>
<arg>400</arg>
</arguments>
<msg timestamp="20201116 13:13:05.081" level="INFO">Argument types are:
&lt;class 'int'&gt;
&lt;type 'unicode'&gt;</msg>
<status status="PASS" starttime="20201116 13:13:05.081" endtime="20201116 13:13:05.081"></status>
</kw>
<status status="PASS" starttime="20201116 13:13:05.077" endtime="20201116 13:13:05.081" critical="yes"></status>
</test>
<status status="FAIL" starttime="20201116 13:13:05.062" endtime="20201116 13:13:05.081"></status>
</suite>
<status status="FAIL" starttime="20201116 13:12:47.932" endtime="20201116 13:13:05.083"></status>
</suite>
<statistics>
<total>
<stat pass="10" fail="1">Critical Tests</stat>
<stat pass="10" fail="1">All Tests</stat>
</total>
<tag>
</tag>
<suite>
<stat pass="10" fail="1" id="s1" name="Tests">Tests</stat>
<stat pass="2" fail="0" id="s1-s1" name="Test1PUT">Tests.Test1PUT</stat>
<stat pass="5" fail="0" id="s1-s2" name="Test2GET">Tests.Test2GET</stat>
<stat pass="1" fail="0" id="s1-s3" name="Test3-405">Tests.Test3-405</stat>
<stat pass="2" fail="1" id="s1-s4" name="Test4DELETE">Tests.Test4DELETE</stat>
</suite>
</statistics>
<errors>
</errors>
</robot>
